<?xml version="1.0" encoding="UTF-8" ?>
<testsuite tests="18" failures="0" name="com.testmadness.runner.DemoTest" time="25.693" errors="0" skipped="16">
  <properties>
    <property name="java.runtime.name" value="Java(TM) SE Runtime Environment"/>
    <property name="sun.boot.library.path" value="/Library/Java/JavaVirtualMachines/jdk1.8.0_151.jdk/Contents/Home/jre/lib"/>
    <property name="java.vm.version" value="25.151-b12"/>
    <property name="gopherProxySet" value="false"/>
    <property name="java.vm.vendor" value="Oracle Corporation"/>
    <property name="maven.multiModuleProjectDirectory" value="/Users/sejijohn/Documents/newworkspace/CucumberFramework"/>
    <property name="java.vendor.url" value="http://java.oracle.com/"/>
    <property name="path.separator" value=":"/>
    <property name="guice.disable.misplaced.annotation.check" value="true"/>
    <property name="java.vm.name" value="Java HotSpot(TM) 64-Bit Server VM"/>
    <property name="file.encoding.pkg" value="sun.io"/>
    <property name="user.country" value="US"/>
    <property name="sun.java.launcher" value="SUN_STANDARD"/>
    <property name="sun.os.patch.level" value="unknown"/>
    <property name="java.vm.specification.name" value="Java Virtual Machine Specification"/>
    <property name="user.dir" value="/Users/sejijohn/Documents/newworkspace/CucumberFramework"/>
    <property name="java.runtime.version" value="1.8.0_151-b12"/>
    <property name="java.awt.graphicsenv" value="sun.awt.CGraphicsEnvironment"/>
    <property name="java.endorsed.dirs" value="/Library/Java/JavaVirtualMachines/jdk1.8.0_151.jdk/Contents/Home/jre/lib/endorsed"/>
    <property name="os.arch" value="x86_64"/>
    <property name="java.io.tmpdir" value="/var/folders/80/c4d_09bn6bd8gb44qsrk5hrw0000gn/T/"/>
    <property name="line.separator" value="
"/>
    <property name="java.vm.specification.vendor" value="Oracle Corporation"/>
    <property name="os.name" value="Mac OS X"/>
    <property name="classworlds.conf" value="/Users/sejijohn/Documents/newworkspace/.metadata/.plugins/org.eclipse.m2e.launching/launches/m2conf7959515262579364691.tmp"/>
    <property name="sun.jnu.encoding" value="UTF-8"/>
    <property name="java.library.path" value="/Users/sejijohn/Library/Java/Extensions:/Library/Java/Extensions:/Network/Library/Java/Extensions:/System/Library/Java/Extensions:/usr/lib/java:."/>
    <property name="java.specification.name" value="Java Platform API Specification"/>
    <property name="java.class.version" value="52.0"/>
    <property name="sun.management.compiler" value="HotSpot 64-Bit Tiered Compilers"/>
    <property name="os.version" value="10.13.5"/>
    <property name="http.nonProxyHosts" value="local|*.local|169.254/16|*.169.254/16"/>
    <property name="user.home" value="/Users/sejijohn"/>
    <property name="user.timezone" value="America/Los_Angeles"/>
    <property name="java.awt.printerjob" value="sun.lwawt.macosx.CPrinterJob"/>
    <property name="java.specification.version" value="1.8"/>
    <property name="file.encoding" value="UTF-8"/>
    <property name="user.name" value="sejijohn"/>
    <property name="java.class.path" value="/Applications/Eclipse.app/Contents/Eclipse/plugins/org.eclipse.m2e.maven.runtime_1.8.2.20171007-0216/jars/plexus-classworlds-2.5.2.jar"/>
    <property name="java.vm.specification.version" value="1.8"/>
    <property name="sun.arch.data.model" value="64"/>
    <property name="java.home" value="/Library/Java/JavaVirtualMachines/jdk1.8.0_151.jdk/Contents/Home/jre"/>
    <property name="sun.java.command" value="org.codehaus.plexus.classworlds.launcher.Launcher -B test"/>
    <property name="java.specification.vendor" value="Oracle Corporation"/>
    <property name="user.language" value="en"/>
    <property name="awt.toolkit" value="sun.lwawt.macosx.LWCToolkit"/>
    <property name="java.vm.info" value="mixed mode"/>
    <property name="java.version" value="1.8.0_151"/>
    <property name="java.ext.dirs" value="/Users/sejijohn/Library/Java/Extensions:/Library/Java/JavaVirtualMachines/jdk1.8.0_151.jdk/Contents/Home/jre/lib/ext:/Library/Java/Extensions:/Network/Library/Java/Extensions:/System/Library/Java/Extensions:/usr/lib/java"/>
    <property name="sun.boot.class.path" value="/Library/Java/JavaVirtualMachines/jdk1.8.0_151.jdk/Contents/Home/jre/lib/resources.jar:/Library/Java/JavaVirtualMachines/jdk1.8.0_151.jdk/Contents/Home/jre/lib/rt.jar:/Library/Java/JavaVirtualMachines/jdk1.8.0_151.jdk/Contents/Home/jre/lib/sunrsasign.jar:/Library/Java/JavaVirtualMachines/jdk1.8.0_151.jdk/Contents/Home/jre/lib/jsse.jar:/Library/Java/JavaVirtualMachines/jdk1.8.0_151.jdk/Contents/Home/jre/lib/jce.jar:/Library/Java/JavaVirtualMachines/jdk1.8.0_151.jdk/Contents/Home/jre/lib/charsets.jar:/Library/Java/JavaVirtualMachines/jdk1.8.0_151.jdk/Contents/Home/jre/lib/jfr.jar:/Library/Java/JavaVirtualMachines/jdk1.8.0_151.jdk/Contents/Home/jre/classes"/>
    <property name="java.vendor" value="Oracle Corporation"/>
    <property name="maven.home" value="/Users/sejijohn/Documents/newworkspace/CucumberFramework/EMBEDDED"/>
    <property name="file.separator" value="/"/>
    <property name="java.vendor.url.bug" value="http://bugreport.sun.com/bugreport/"/>
    <property name="sun.cpu.endian" value="little"/>
    <property name="sun.io.unicode.encoding" value="UnicodeBig"/>
    <property name="socksNonProxyHosts" value="local|*.local|169.254/16|*.169.254/16"/>
    <property name="ftp.nonProxyHosts" value="local|*.local|169.254/16|*.169.254/16"/>
    <property name="sun.cpu.isalist" value=""/>
  </properties>
  <testcase classname="| One Way | 2 | London | June | 10 | Business Class | Unified Airlines |" name="Given a user lands into &quot;http://newtours.demoaut.com/mercurywelcome.php&quot; website" time="1.79">
    <skipped/>
    <system-out>#Author: seji.john@testmadness.com
@TC002
Feature: Verify user is able to select a flight and continue

  Scenario Outline: User is able to select a flight and continue                       &amp;#27;[90m# TC002_FindFlights.feature:5&amp;#27;[0m
    &amp;#27;[36mGiven &amp;#27;[0m&amp;#27;[36ma user lands into &quot;http://newtours.demoaut.com/mercurywelcome.php&quot; website&amp;#27;[0m
    &amp;#27;[36mAnd &amp;#27;[0m&amp;#27;[36ma user clicks username and enter &quot;demo&quot; as username&amp;#27;[0m
    &amp;#27;[36mAnd &amp;#27;[0m&amp;#27;[36ma user clicks password and enter &quot;demo&quot; as password&amp;#27;[0m
    &amp;#27;[36mWhen &amp;#27;[0m&amp;#27;[36ma user click login button&amp;#27;[0m
    &amp;#27;[36mThen &amp;#27;[0m&amp;#27;[36ma user is able to veriy &quot;Flight Finder&quot; page&amp;#27;[0m
    &amp;#27;[36mAnd &amp;#27;[0m&amp;#27;[36ma user able to enter required details in Flight Finder page and click Continue&amp;#27;[0m
    &amp;#27;[36mAnd &amp;#27;[0m&amp;#27;[36ma user is able to veriy &quot;Select Flight&quot; page&amp;#27;[0m

    Examples: 
2018-06-15 16:01:12 INFO  Log:12 - ****************************************************************************************
2018-06-15 16:01:12 INFO  Log:14 - $$$$$$$$$$$$$$$$$$$$$                 User is able to select a flight and continue       $$$$$$$$$$$$$$$$$$$$$$$$$
2018-06-15 16:01:12 INFO  Log:16 - ****************************************************************************************
</system-out>
    <system-err>Starting ChromeDriver 2.39.562713 (dd642283e958a93ebf6891600db055f1f1b4f3b2) on port 16103
Only local connections are allowed.
Jun 15, 2018 4:01:14 PM org.openqa.selenium.remote.ProtocolHandshake createSession
INFO: Detected dialect: OSS
</system-err>
  </testcase>
  <testcase classname="| One Way | 2 | London | June | 10 | Business Class | Unified Airlines |" name="And a user clicks username and enter &quot;demo&quot; as username" time="1.79">
    <skipped/>
  </testcase>
  <testcase classname="| One Way | 2 | London | June | 10 | Business Class | Unified Airlines |" name="And a user clicks password and enter &quot;demo&quot; as password" time="1.79">
    <skipped/>
  </testcase>
  <testcase classname="| One Way | 2 | London | June | 10 | Business Class | Unified Airlines |" name="When a user click login button" time="1.791">
    <skipped/>
  </testcase>
  <testcase classname="| One Way | 2 | London | June | 10 | Business Class | Unified Airlines |" name="Then a user is able to veriy &quot;Flight Finder&quot; page" time="1.791">
    <skipped/>
  </testcase>
  <testcase classname="| One Way | 2 | London | June | 10 | Business Class | Unified Airlines |" name="And a user able to enter required details in Flight Finder page and click Continue" time="1.792">
    <skipped/>
  </testcase>
  <testcase classname="| One Way | 2 | London | June | 10 | Business Class | Unified Airlines |" name="And a user is able to veriy &quot;Select Flight&quot; page" time="1.792">
    <skipped/>
  </testcase>
  <testcase classname="| One Way | 2 | London | June | 10 | Business Class | Unified Airlines |" name="| One Way | 2 | London | June | 10 | Business Class | Unified Airlines |" time="2.173">
    <skipped/>
    <system-out>closing the browser!
2018-06-15 16:01:14 INFO  Log:22 - XXXXXXXXXXXXXXXXXXXXXXX             -E---N---D-             XXXXXXXXXXXXXXXXXXXXXX
</system-out>
  </testcase>
  <testcase classname="| One Way | 2 | London | June | 10 | Business Class | Unified Airlines |" name="| One Way | 2 | London | June | 10 | Business Class | Unified Airlines |" time="2.174"/>
  <testcase classname="| One Way | 3 | London | July | 20 | Business Class | Unified Airlines |" name="Given a user lands into &quot;http://newtours.demoaut.com/mercurywelcome.php&quot; website" time="0.947">
    <skipped/>
    <system-out>2018-06-15 16:01:14 INFO  Log:12 - ****************************************************************************************
2018-06-15 16:01:14 INFO  Log:14 - $$$$$$$$$$$$$$$$$$$$$                 User is able to select a flight and continue       $$$$$$$$$$$$$$$$$$$$$$$$$
2018-06-15 16:01:14 INFO  Log:16 - ****************************************************************************************

  @TC002
  Scenario Outline: User is able to select a flight and continue                       &amp;#27;[90m# TC002_FindFlights.feature:23&amp;#27;[0m
    &amp;#27;[33mGiven &amp;#27;[0m&amp;#27;[33ma user lands into &quot;http://newtours.demoaut.com/mercurywelcome.php&quot; website&amp;#27;[0m
    &amp;#27;[33mAnd &amp;#27;[0m&amp;#27;[33ma user clicks username and enter &quot;demo&quot; as username&amp;#27;[0m
    &amp;#27;[33mAnd &amp;#27;[0m&amp;#27;[33ma user clicks password and enter &quot;demo&quot; as password&amp;#27;[0m
    &amp;#27;[33mWhen &amp;#27;[0m&amp;#27;[33ma user click login button&amp;#27;[0m
    &amp;#27;[33mThen &amp;#27;[0m&amp;#27;[33ma user is able to veriy &quot;Flight Finder&quot; page&amp;#27;[0m
    &amp;#27;[33mAnd &amp;#27;[0m&amp;#27;[33ma user able to enter required details in Flight Finder page and click Continue&amp;#27;[0m
    &amp;#27;[33mAnd &amp;#27;[0m&amp;#27;[33ma user is able to veriy &quot;Select Flight&quot; page&amp;#27;[0m
</system-out>
    <system-err>Starting ChromeDriver 2.39.562713 (dd642283e958a93ebf6891600db055f1f1b4f3b2) on port 21414
Only local connections are allowed.
Jun 15, 2018 4:01:15 PM org.openqa.selenium.remote.ProtocolHandshake createSession
INFO: Detected dialect: OSS
</system-err>
  </testcase>
  <testcase classname="| One Way | 3 | London | July | 20 | Business Class | Unified Airlines |" name="And a user clicks username and enter &quot;demo&quot; as username" time="0.948">
    <skipped/>
  </testcase>
  <testcase classname="| One Way | 3 | London | July | 20 | Business Class | Unified Airlines |" name="And a user clicks password and enter &quot;demo&quot; as password" time="0.948">
    <skipped/>
  </testcase>
  <testcase classname="| One Way | 3 | London | July | 20 | Business Class | Unified Airlines |" name="When a user click login button" time="0.948">
    <skipped/>
  </testcase>
  <testcase classname="| One Way | 3 | London | July | 20 | Business Class | Unified Airlines |" name="Then a user is able to veriy &quot;Flight Finder&quot; page" time="0.949">
    <skipped/>
  </testcase>
  <testcase classname="| One Way | 3 | London | July | 20 | Business Class | Unified Airlines |" name="And a user able to enter required details in Flight Finder page and click Continue" time="0.949">
    <skipped/>
  </testcase>
  <testcase classname="| One Way | 3 | London | July | 20 | Business Class | Unified Airlines |" name="And a user is able to veriy &quot;Select Flight&quot; page" time="0.949">
    <skipped/>
  </testcase>
  <testcase classname="| One Way | 3 | London | July | 20 | Business Class | Unified Airlines |" name="| One Way | 3 | London | July | 20 | Business Class | Unified Airlines |" time="1.086">
    <skipped/>
    <system-out>closing the browser!
2018-06-15 16:01:15 INFO  Log:22 - XXXXXXXXXXXXXXXXXXXXXXX             -E---N---D-             XXXXXXXXXXXXXXXXXXXXXX
</system-out>
  </testcase>
  <testcase classname="| One Way | 3 | London | July | 20 | Business Class | Unified Airlines |" name="| One Way | 3 | London | July | 20 | Business Class | Unified Airlines |" time="1.086"/>
</testsuite>